Arguments: 
  C:\Program Files\nodejs\node.exe C:\Users\aalbahrani\AppData\Roaming\npm\node_modules\yarn\bin\yarn.js

PATH: 
  C:\Program Files\Git\mingw64\bin;C:\Program Files\Git\usr\bin;C:\Users\aalbahrani\bin;C:\Python39\Scripts;C:\Python39;C:\Program Files\Microsoft MPI\Bin;C:\WINDOWS\system32;C:\WINDOWS;C:\WINDOWS\System32\Wbem;C:\WINDOWS\System32\WindowsPowerShell\v1.0;C:\WINDOWS\System32\OpenSSH;C:\Program Files (x86)\Symantec\VIP Access Client;C:\Program Files\Microsoft SQL Server\130\Tools\Binn;C:\Program Files\Microsoft SQL Server\Client SDK\ODBC\170\Tools\Binn;C:\Program Files\Git\cmd;C:\Program Files (x86)\Microsoft SQL Server\140\Tools\Binn;C:\Program Files\Microsoft SQL Server\140\Tools\Binn;C:\Program Files (x86)\Microsoft SQL Server\140\DTS\Binn;C:\Program Files\Microsoft SQL Server\140\DTS\Binn;C:\Program Files\Microsoft SQL Server\Client SDK\ODBC\130\Tools\Binn;C:\Program Files (x86)\Microsoft SQL Server\150\DTS\Binn;C:\Program Files\Azure Data Studio\bin;C:\Program Files\dotnet;C:\Program Files\Microsoft SQL Server\Client SDK\ODBC\110\Tools\Binn;C:\Program Files (x86)\Microsoft SQL Server\120\Tools\Binn;C:\Program Files\Microsoft SQL Server\120\Tools\Binn;C:\Program Files\Microsoft SQL Server\120\DTS\Binn;C:\ProgramData\chocolatey\bin;C:\Program Files\PuTTY;C:\Program Files\nodejs;C:\Program Files (x86)\Sennheiser\SenncomSDK;C:\Users\aalbahrani\AppData\Local\Microsoft\WindowsApps;C:\Users\aalbahrani\AppData\Local\Programs\Microsoft VS Code\bin;C:\Users\aalbahrani\AppData\Local\GitHubDesktop\bin;C:\Users\aalbahrani\.dotnet\tools;C:\Users\aalbahrani\AppData\Roaming\npm;C:\Program Files (x86)\Nmap;C:\Program Files\7-Zip

Yarn version: 
  1.22.10

Node version: 
  14.16.0

Platform: 
  win32 x64

Trace: 
  Error: EPERM: operation not permitted, unlink 'C:\Users\aalbahrani\AppData\Local\Yarn\Cache\v6\npm-@material-ui-icons-4.11.2-b3a7353266519cd743b6461ae9fdfcb1b25eb4c5-integrity\node_modules\@material-ui\icons\.yarn-tarball.tgz'

npm manifest: 
  {
    "name": "container",
    "version": "1.0.0",
    "scripts": {
      "test": "echo \"Error: no test specified\" && exit 1"
    },
    "dependencies": {
      "@material-ui/core": "^4.11.0",
      "@material-ui/icons": "^4.9.1",
      "react": "^17.0.1",
      "react-dom": "^17.0.1",
      "react-router-dom": "^5.2.0"
    },
    "devDependencies": {
      "@babel/core": "^7.12.3",
      "@babel/plugin-transform-runtime": "^7.12.1",
      "@babel/preset-env": "^7.12.1",
      "@babel/preset-react": "^7.12.1",
      "babel-loader": "^8.1.0",
      "clean-webpack-plugin": "^3.0.0",
      "css-loader": "^5.0.0",
      "html-webpack-plugin": "^4.5.0",
      "style-loader": "^2.0.0",
      "webpack": "^5.4.0",
      "webpack-cli": "^4.1.0",
      "webpack-dev-server": "^3.11.0",
      "webpack-merge": "^5.2.0"
    }
  }

yarn manifest: 
  No manifest

Lockfile: 
  No lockfile
